  [1m[35m (0.2ms)[0m  [1m[34mSELECT sqlite_version(*)[0m
  ↳ /Users/flatironschool/.rvm/rubies/ruby-2.6.1/lib/ruby/gems/2.6.0/gems/rake-12.3.2/lib/rake/task.rb:273
  [1m[35m (2.4ms)[0m  [1m[35mCREATE TABLE "schema_migrations" ("version" varchar NOT NULL PRIMARY KEY)[0m
  ↳ /Users/flatironschool/.rvm/rubies/ruby-2.6.1/lib/ruby/gems/2.6.0/gems/rake-12.3.2/lib/rake/task.rb:273
  [1m[35m (2.5ms)[0m  [1m[35mCREATE TABLE "ar_internal_metadata" ("key" varchar NOT NULL PRIMARY KEY, "value" varchar, "created_at" datetime NOT NULL, "updated_at" datetime NOT NULL)[0m
  ↳ /Users/flatironschool/.rvm/rubies/ruby-2.6.1/lib/ruby/gems/2.6.0/gems/rake-12.3.2/lib/rake/task.rb:273
  [1m[35m (0.2ms)[0m  [1m[34mSELECT "schema_migrations"."version" FROM "schema_migrations" ORDER BY "schema_migrations"."version" ASC[0m
  ↳ /Users/flatironschool/.rvm/rubies/ruby-2.6.1/lib/ruby/gems/2.6.0/gems/rake-12.3.2/lib/rake/task.rb:273
Migrating to CreateCities (20190325205912)
  [1m[35m (0.1ms)[0m  [1m[36mbegin transaction[0m
  ↳ /Users/flatironschool/.rvm/rubies/ruby-2.6.1/lib/ruby/gems/2.6.0/gems/rake-12.3.2/lib/rake/task.rb:273
  [1m[35m (1.0ms)[0m  [1m[35mCREATE TABLE "cities" ("id" integer PRIMARY KEY AUTOINCREMENT NOT NULL, "name" varchar, "region" varchar, "country" varchar, "created_at" datetime NOT NULL, "updated_at" datetime NOT NULL)[0m
  ↳ db/migrate/20190325205912_create_cities.rb:3
  [1m[36mActiveRecord::SchemaMigration Create (0.3ms)[0m  [1m[32mINSERT INTO "schema_migrations" ("version") VALUES (?)[0m  [["version", "20190325205912"]]
  ↳ /Users/flatironschool/.rvm/rubies/ruby-2.6.1/lib/ruby/gems/2.6.0/gems/rake-12.3.2/lib/rake/task.rb:273
  [1m[35m (2.0ms)[0m  [1m[36mcommit transaction[0m
  ↳ /Users/flatironschool/.rvm/rubies/ruby-2.6.1/lib/ruby/gems/2.6.0/gems/rake-12.3.2/lib/rake/task.rb:273
Migrating to CreatePeople (20190325205937)
  [1m[35m (0.1ms)[0m  [1m[36mbegin transaction[0m
  ↳ /Users/flatironschool/.rvm/rubies/ruby-2.6.1/lib/ruby/gems/2.6.0/gems/rake-12.3.2/lib/rake/task.rb:273
  [1m[35m (0.9ms)[0m  [1m[35mCREATE TABLE "people" ("id" integer PRIMARY KEY AUTOINCREMENT NOT NULL, "name" varchar, "birthday" datetime, "created_at" datetime NOT NULL, "updated_at" datetime NOT NULL)[0m
  ↳ db/migrate/20190325205937_create_people.rb:3
  [1m[36mActiveRecord::SchemaMigration Create (1.3ms)[0m  [1m[32mINSERT INTO "schema_migrations" ("version") VALUES (?)[0m  [["version", "20190325205937"]]
  ↳ /Users/flatironschool/.rvm/rubies/ruby-2.6.1/lib/ruby/gems/2.6.0/gems/rake-12.3.2/lib/rake/task.rb:273
  [1m[35m (2.0ms)[0m  [1m[36mcommit transaction[0m
  ↳ /Users/flatironschool/.rvm/rubies/ruby-2.6.1/lib/ruby/gems/2.6.0/gems/rake-12.3.2/lib/rake/task.rb:273
Migrating to CreateEmployers (20190325210014)
  [1m[35m (0.1ms)[0m  [1m[36mbegin transaction[0m
  ↳ /Users/flatironschool/.rvm/rubies/ruby-2.6.1/lib/ruby/gems/2.6.0/gems/rake-12.3.2/lib/rake/task.rb:273
  [1m[35m (0.7ms)[0m  [1m[35mCREATE TABLE "employers" ("id" integer PRIMARY KEY AUTOINCREMENT NOT NULL, "name" varchar, "indsutry" varchar, "size" varchar, "description" varchar, "products" varchar, "created_at" datetime NOT NULL, "updated_at" datetime NOT NULL)[0m
  ↳ db/migrate/20190325210014_create_employers.rb:3
  [1m[36mActiveRecord::SchemaMigration Create (0.3ms)[0m  [1m[32mINSERT INTO "schema_migrations" ("version") VALUES (?)[0m  [["version", "20190325210014"]]
  ↳ /Users/flatironschool/.rvm/rubies/ruby-2.6.1/lib/ruby/gems/2.6.0/gems/rake-12.3.2/lib/rake/task.rb:273
  [1m[35m (1.8ms)[0m  [1m[36mcommit transaction[0m
  ↳ /Users/flatironschool/.rvm/rubies/ruby-2.6.1/lib/ruby/gems/2.6.0/gems/rake-12.3.2/lib/rake/task.rb:273
Migrating to CreatePositions (20190325210131)
  [1m[35m (0.1ms)[0m  [1m[36mbegin transaction[0m
  ↳ /Users/flatironschool/.rvm/rubies/ruby-2.6.1/lib/ruby/gems/2.6.0/gems/rake-12.3.2/lib/rake/task.rb:273
  [1m[35m (0.9ms)[0m  [1m[35mCREATE TABLE "positions" ("id" integer PRIMARY KEY AUTOINCREMENT NOT NULL, "title" varchar, "description" varchar, "start_date" datetime, "finish_date" datetime, "person_id" integer, "employer_id" integer, "city_id" integer, "created_at" datetime NOT NULL, "updated_at" datetime NOT NULL, CONSTRAINT "fk_rails_6348fbb073"
FOREIGN KEY ("person_id")
  REFERENCES "people" ("id")
, CONSTRAINT "fk_rails_64c18f9f28"
FOREIGN KEY ("employer_id")
  REFERENCES "employers" ("id")
, CONSTRAINT "fk_rails_e7c0df531b"
FOREIGN KEY ("city_id")
  REFERENCES "cities" ("id")
)[0m
  ↳ db/migrate/20190325210131_create_positions.rb:3
  [1m[35m (0.2ms)[0m  [1m[35mCREATE  INDEX "index_positions_on_person_id" ON "positions" ("person_id")[0m
  ↳ db/migrate/20190325210131_create_positions.rb:3
  [1m[35m (0.3ms)[0m  [1m[35mCREATE  INDEX "index_positions_on_employer_id" ON "positions" ("employer_id")[0m
  ↳ db/migrate/20190325210131_create_positions.rb:3
  [1m[35m (0.4ms)[0m  [1m[35mCREATE  INDEX "index_positions_on_city_id" ON "positions" ("city_id")[0m
  ↳ db/migrate/20190325210131_create_positions.rb:3
  [1m[36mActiveRecord::SchemaMigration Create (0.5ms)[0m  [1m[32mINSERT INTO "schema_migrations" ("version") VALUES (?)[0m  [["version", "20190325210131"]]
  ↳ /Users/flatironschool/.rvm/rubies/ruby-2.6.1/lib/ruby/gems/2.6.0/gems/rake-12.3.2/lib/rake/task.rb:273
  [1m[35m (2.1ms)[0m  [1m[36mcommit transaction[0m
  ↳ /Users/flatironschool/.rvm/rubies/ruby-2.6.1/lib/ruby/gems/2.6.0/gems/rake-12.3.2/lib/rake/task.rb:273
  [1m[36mActiveRecord::InternalMetadata Load (0.4ms)[0m  [1m[34mSELECT  "ar_internal_metadata".* FROM "ar_internal_metadata" WHERE "ar_internal_metadata"."key" = ? LIMIT ?[0m  [["key", "environment"], ["LIMIT", 1]]
  ↳ /Users/flatironschool/.rvm/rubies/ruby-2.6.1/lib/ruby/gems/2.6.0/gems/rake-12.3.2/lib/rake/task.rb:273
  [1m[35m (0.1ms)[0m  [1m[36mbegin transaction[0m
  ↳ /Users/flatironschool/.rvm/rubies/ruby-2.6.1/lib/ruby/gems/2.6.0/gems/rake-12.3.2/lib/rake/task.rb:273
  [1m[36mActiveRecord::InternalMetadata Create (0.6ms)[0m  [1m[32mINSERT INTO "ar_internal_metadata" ("key", "value", "created_at", "updated_at") VALUES (?, ?, ?, ?)[0m  [["key", "environment"], ["value", "development"], ["created_at", "2019-03-25 21:02:30.346383"], ["updated_at", "2019-03-25 21:02:30.346383"]]
  ↳ /Users/flatironschool/.rvm/rubies/ruby-2.6.1/lib/ruby/gems/2.6.0/gems/rake-12.3.2/lib/rake/task.rb:273
  [1m[35m (1.5ms)[0m  [1m[36mcommit transaction[0m
  ↳ /Users/flatironschool/.rvm/rubies/ruby-2.6.1/lib/ruby/gems/2.6.0/gems/rake-12.3.2/lib/rake/task.rb:273
  [1m[35m (0.5ms)[0m  [1m[34mSELECT "schema_migrations"."version" FROM "schema_migrations" ORDER BY "schema_migrations"."version" ASC[0m
  ↳ /Users/flatironschool/.rvm/rubies/ruby-2.6.1/lib/ruby/gems/2.6.0/gems/rake-12.3.2/lib/rake/task.rb:273
Started GET "/employers/new" for ::1 at 2019-03-25 16:06:35 -0500
  [1m[35m (0.1ms)[0m  [1m[34mSELECT "schema_migrations"."version" FROM "schema_migrations" ORDER BY "schema_migrations"."version" ASC[0m
  ↳ /Users/flatironschool/.rvm/gems/ruby-2.6.1/gems/activerecord-5.2.2.1/lib/active_record/log_subscriber.rb:98
Processing by EmployersController#new as HTML
  Rendering employers/new.html.erb within layouts/application
  Rendered employers/_form.html.erb (40.0ms)
  Rendered employers/new.html.erb within layouts/application (42.8ms)
Completed 200 OK in 1037ms (Views: 1001.5ms | ActiveRecord: 1.4ms)


Started GET "/cities/new" for ::1 at 2019-03-25 16:06:40 -0500
Processing by CitiesController#new as HTML
  Rendering cities/new.html.erb within layouts/application
  Rendered cities/_form.html.erb (6.1ms)
  Rendered cities/new.html.erb within layouts/application (7.7ms)
Completed 200 OK in 64ms (Views: 41.4ms | ActiveRecord: 1.1ms)


Started GET "/cities" for ::1 at 2019-03-25 16:10:18 -0500
  [1m[35m (0.1ms)[0m  [1m[34mSELECT "schema_migrations"."version" FROM "schema_migrations" ORDER BY "schema_migrations"."version" ASC[0m
  ↳ /Users/flatironschool/.rvm/gems/ruby-2.6.1/gems/activerecord-5.2.2.1/lib/active_record/log_subscriber.rb:98
Processing by CitiesController#index as HTML
  Rendering cities/index.html.erb within layouts/application
  [1m[36mCity Load (0.3ms)[0m  [1m[34mSELECT "cities".* FROM "cities"[0m
  ↳ app/views/cities/index.html.erb:3
  Rendered cities/index.html.erb within layouts/application (3.3ms)
Completed 200 OK in 279ms (Views: 261.7ms | ActiveRecord: 0.7ms)


Started GET "/employers" for ::1 at 2019-03-25 16:10:24 -0500
Processing by EmployersController#index as HTML
  Rendering employers/index.html.erb within layouts/application
  Rendered employers/index.html.erb within layouts/application (12.3ms)
Completed 500 Internal Server Error in 35ms (ActiveRecord: 0.0ms)


  
ActionView::Template::Error (undefined method `each' for nil:NilClass):
    1: <h1>Employers list:</h1>
    2: 
    3:   <ul>
    4:     <% @employers.each do |employer|%>
    5:       <li>
    6:         <strong><%= employer.name%></strong>
    7:       </li>
  
app/views/employers/index.html.erb:4:in `_app_views_employers_index_html_erb___1933949454586099798_70334914680520'
Started GET "/employers" for ::1 at 2019-03-25 16:10:49 -0500
Processing by EmployersController#index as HTML
  Rendering employers/index.html.erb within layouts/application
  [1m[36mEmployer Load (0.2ms)[0m  [1m[34mSELECT "employers".* FROM "employers"[0m
  ↳ app/views/employers/index.html.erb:4
  Rendered employers/index.html.erb within layouts/application (2.5ms)
Completed 200 OK in 50ms (Views: 42.6ms | ActiveRecord: 0.6ms)


Started GET "/people" for ::1 at 2019-03-25 16:13:18 -0500
Processing by PeopleController#index as HTML
  Rendering people/index.html.erb within layouts/application
  [1m[36mPerson Load (0.2ms)[0m  [1m[34mSELECT "people".* FROM "people"[0m
  ↳ app/views/people/index.html.erb:4
  Rendered people/index.html.erb within layouts/application (1.9ms)
Completed 200 OK in 52ms (Views: 39.8ms | ActiveRecord: 0.5ms)


Started GET "/people/new" for ::1 at 2019-03-25 16:13:22 -0500
Processing by PeopleController#new as HTML
  Rendering people/new.html.erb within layouts/application
  Rendered people/_form.html.erb (12.8ms)
  Rendered people/new.html.erb within layouts/application (15.6ms)
Completed 200 OK in 72ms (Views: 56.1ms | ActiveRecord: 0.9ms)


Started GET "/people/new" for ::1 at 2019-03-25 16:26:27 -0500
  [1m[35m (0.2ms)[0m  [1m[34mSELECT "schema_migrations"."version" FROM "schema_migrations" ORDER BY "schema_migrations"."version" ASC[0m
  ↳ /Users/flatironschool/.rvm/gems/ruby-2.6.1/gems/activerecord-5.2.2.1/lib/active_record/log_subscriber.rb:98
Processing by PeopleController#new as HTML
  Rendering people/new.html.erb within layouts/application
  Rendered people/_form.html.erb (6.4ms)
  Rendered people/new.html.erb within layouts/application (8.0ms)
Completed 200 OK in 311ms (Views: 288.2ms | ActiveRecord: 1.0ms)


Started GET "/cities/new" for ::1 at 2019-03-25 16:27:45 -0500
  [1m[35m (0.3ms)[0m  [1m[34mSELECT "schema_migrations"."version" FROM "schema_migrations" ORDER BY "schema_migrations"."version" ASC[0m
  ↳ /Users/flatironschool/.rvm/gems/ruby-2.6.1/gems/activerecord-5.2.2.1/lib/active_record/log_subscriber.rb:98
Processing by CitiesController#new as HTML
  Rendering cities/new.html.erb within layouts/application
  Rendered cities/_form.html.erb (18.8ms)
  Rendered cities/new.html.erb within layouts/application (23.2ms)
Completed 200 OK in 334ms (Views: 307.6ms | ActiveRecord: 0.9ms)


Started GET "/employers/new" for ::1 at 2019-03-25 16:27:53 -0500
Processing by EmployersController#new as HTML
  Rendering employers/new.html.erb within layouts/application
  Rendered employers/_form.html.erb (19.4ms)
  Rendered employers/new.html.erb within layouts/application (24.2ms)
Completed 200 OK in 107ms (Views: 51.1ms | ActiveRecord: 2.7ms)


  [1m[35m (0.2ms)[0m  [1m[34mSELECT "schema_migrations"."version" FROM "schema_migrations" ORDER BY "schema_migrations"."version" ASC[0m
  ↳ /Users/flatironschool/.rvm/rubies/ruby-2.6.1/lib/ruby/gems/2.6.0/gems/rake-12.3.2/lib/rake/task.rb:273
Migrating to ChangeEmployersColumnName (20190325213657)
  [1m[35m (0.1ms)[0m  [1m[36mbegin transaction[0m
  ↳ /Users/flatironschool/.rvm/rubies/ruby-2.6.1/lib/ruby/gems/2.6.0/gems/rake-12.3.2/lib/rake/task.rb:273
  [1m[35m (0.1ms)[0m  [1m[34mSELECT sqlite_version(*)[0m
  ↳ db/migrate/20190325213657_change_employers_column_name.rb:3
  [1m[35m (0.5ms)[0m  [1m[35mCREATE TEMPORARY TABLE "aemployers" ("id" integer NOT NULL PRIMARY KEY, "name" varchar DEFAULT NULL, "industry" varchar DEFAULT NULL, "size" varchar DEFAULT NULL, "description" varchar DEFAULT NULL, "products" varchar DEFAULT NULL, "created_at" datetime NOT NULL, "updated_at" datetime NOT NULL)[0m
  ↳ db/migrate/20190325213657_change_employers_column_name.rb:3
  [1m[35m (0.2ms)[0m  [1m[32mINSERT INTO "aemployers" ("id","name","industry","size","description","products","created_at","updated_at")
                     SELECT "id","name","indsutry","size","description","products","created_at","updated_at" FROM "employers"[0m
  ↳ db/migrate/20190325213657_change_employers_column_name.rb:3
  [1m[35m (6.3ms)[0m  [1m[35mDROP TABLE "employers"[0m
  ↳ db/migrate/20190325213657_change_employers_column_name.rb:3
  [1m[35m (0.3ms)[0m  [1m[35mCREATE TABLE "employers" ("id" integer NOT NULL PRIMARY KEY, "name" varchar DEFAULT NULL, "industry" varchar DEFAULT NULL, "size" varchar DEFAULT NULL, "description" varchar DEFAULT NULL, "products" varchar DEFAULT NULL, "created_at" datetime NOT NULL, "updated_at" datetime NOT NULL)[0m
  ↳ db/migrate/20190325213657_change_employers_column_name.rb:3
  [1m[35m (0.1ms)[0m  [1m[32mINSERT INTO "employers" ("id","name","industry","size","description","products","created_at","updated_at")
                     SELECT "id","name","industry","size","description","products","created_at","updated_at" FROM "aemployers"[0m
  ↳ db/migrate/20190325213657_change_employers_column_name.rb:3
  [1m[35m (0.1ms)[0m  [1m[35mDROP TABLE "aemployers"[0m
  ↳ db/migrate/20190325213657_change_employers_column_name.rb:3
  [1m[36mActiveRecord::SchemaMigration Create (1.5ms)[0m  [1m[32mINSERT INTO "schema_migrations" ("version") VALUES (?)[0m  [["version", "20190325213657"]]
  ↳ /Users/flatironschool/.rvm/rubies/ruby-2.6.1/lib/ruby/gems/2.6.0/gems/rake-12.3.2/lib/rake/task.rb:273
  [1m[35m (4.7ms)[0m  [1m[36mcommit transaction[0m
  ↳ /Users/flatironschool/.rvm/rubies/ruby-2.6.1/lib/ruby/gems/2.6.0/gems/rake-12.3.2/lib/rake/task.rb:273
  [1m[36mActiveRecord::InternalMetadata Load (0.3ms)[0m  [1m[34mSELECT  "ar_internal_metadata".* FROM "ar_internal_metadata" WHERE "ar_internal_metadata"."key" = ? LIMIT ?[0m  [["key", "environment"], ["LIMIT", 1]]
  ↳ /Users/flatironschool/.rvm/rubies/ruby-2.6.1/lib/ruby/gems/2.6.0/gems/rake-12.3.2/lib/rake/task.rb:273
  [1m[35m (0.3ms)[0m  [1m[36mbegin transaction[0m
  ↳ /Users/flatironschool/.rvm/rubies/ruby-2.6.1/lib/ruby/gems/2.6.0/gems/rake-12.3.2/lib/rake/task.rb:273
  [1m[35m (0.1ms)[0m  [1m[36mcommit transaction[0m
  ↳ /Users/flatironschool/.rvm/rubies/ruby-2.6.1/lib/ruby/gems/2.6.0/gems/rake-12.3.2/lib/rake/task.rb:273
  [1m[35m (0.2ms)[0m  [1m[34mSELECT "schema_migrations"."version" FROM "schema_migrations" ORDER BY "schema_migrations"."version" ASC[0m
  ↳ /Users/flatironschool/.rvm/rubies/ruby-2.6.1/lib/ruby/gems/2.6.0/gems/rake-12.3.2/lib/rake/task.rb:273
